<?xml version="1.0" encoding="UTF-8"?>
<!-- Generated by org.testng.reporters.JUnitReportReporter -->
<testsuite hostname="DESKTOP-N0BUBRI" failures="0" tests="1" name="concall.MonetConcall_LiveProject.UploadFakevideo" time="287.807" errors="0" timestamp="2021-10-04T14:21:21 IST" skipped="0">
  <testcase classname="concall.MonetConcall_LiveProject.UploadFakevideo" name="operation" time="287.807"/>
  <system-out/>
</testsuite> <!-- concall.MonetConcall_LiveProject.UploadFakevideo -->
