<?xml version="1.0" encoding="UTF-8"?>
<!-- Generated by org.testng.reporters.JUnitReportReporter -->
<testsuite hostname="DESKTOP-N0BUBRI" failures="0" tests="1" name="concall.MonetConcall_LiveProject.MonetConCallLiveProject" time="294.040" errors="0" timestamp="2021-10-04T11:07:16 IST" skipped="0">
  <testcase classname="concall.MonetConcall_LiveProject.MonetConCallLiveProject" name="operation" time="294.040"/>
  <system-out/>
</testsuite> <!-- concall.MonetConcall_LiveProject.MonetConCallLiveProject -->
